platforms/android/build/outputs/logs/manifest-merger-debug-report.txt
-- Merging decision tree log ---
manifest
ADDED from src/main/AndroidManifest.xml:2:1-33:12
	package
		ADDED from src/main/AndroidManifest.xml:3:62-96
	android:versionName
		ADDED from src/main/AndroidManifest.xml:3:121-146
	android:versionCode
		ADDED from src/main/AndroidManifest.xml:3:97-120
		INJECTED from src/main/AndroidManifest.xml
		INJECTED from src/main/AndroidManifest.xml
	xmlns:android
		ADDED from src/main/AndroidManifest.xml:3:3-61
supports-screens
ADDED from src/main/AndroidManifest.xml:4:3-136
	android:largeScreens
		ADDED from src/main/AndroidManifest.xml:4:78-105
	android:smallScreens
		ADDED from src/main/AndroidManifest.xml:4:21-48
	android:normalScreens
		ADDED from src/main/AndroidManifest.xml:4:49-77
	android:xlargeScreens
		ADDED from src/main/AndroidManifest.xml:4:106-134
uses-sdk
ADDED from src/main/AndroidManifest.xml:5:3-71
MERGED from [com.android.support:support-v4:22.2.1] AndroidManifest.xml:20:5-43
MERGED from [com.android.support:appcompat-v7:22.2.1] AndroidManifest.xml:20:5-43
MERGED from [com.android.support:support-v4:22.2.1] AndroidManifest.xml:20:5-43
	android:targetSdkVersion
		ADDED from src/main/AndroidManifest.xml:5:40-69
		INJECTED from src/main/AndroidManifest.xml
		INJECTED from src/main/AndroidManifest.xml
	android:minSdkVersion
		ADDED from src/main/AndroidManifest.xml:5:13-39
		INJECTED from src/main/AndroidManifest.xml
		INJECTED from src/main/AndroidManifest.xml
uses-permission#android.permission.READ_EXTERNAL_STORAGE
ADDED from src/main/AndroidManifest.xml:6:3-77
	android:name
		ADDED from src/main/AndroidManifest.xml:6:20-75
uses-permission#android.permission.WRITE_EXTERNAL_STORAGE
ADDED from src/main/AndroidManifest.xml:7:3-78
	android:name
		ADDED from src/main/AndroidManifest.xml:7:20-76
uses-permission#android.permission.INTERNET
ADDED from src/main/AndroidManifest.xml:8:3-64
	android:name
		ADDED from src/main/AndroidManifest.xml:8:20-62
application
ADDED from src/main/AndroidManifest.xml:9:3-29:17
MERGED from [com.android.support:support-v4:22.2.1] AndroidManifest.xml:22:5-20
MERGED from [com.android.support:appcompat-v7:22.2.1] AndroidManifest.xml:22:5-20
MERGED from [com.android.support:support-v4:22.2.1] AndroidManifest.xml:22:5-20
	android:label
		ADDED from src/main/AndroidManifest.xml:9:120-152
	android:allowBackup
		ADDED from src/main/AndroidManifest.xml:9:63-89
	android:icon
		ADDED from src/main/AndroidManifest.xml:9:90-119
	android:theme
		ADDED from src/main/AndroidManifest.xml:9:153-184
	android:name
		ADDED from src/main/AndroidManifest.xml:9:16-62
activity#com.tns.NativeScriptActivity
ADDED from src/main/AndroidManifest.xml:10:5-15:16
	android:label
		ADDED from src/main/AndroidManifest.xml:10:59-104
	android:configChanges
		ADDED from src/main/AndroidManifest.xml:10:105-166
	android:name
		ADDED from src/main/AndroidManifest.xml:10:15-58
intent-filter#android.intent.action.MAIN+android.intent.category.LAUNCHER
ADDED from src/main/AndroidManifest.xml:11:7-14:23
action#android.intent.action.MAIN
ADDED from src/main/AndroidManifest.xml:12:9-60
	android:name
		ADDED from src/main/AndroidManifest.xml:12:17-58
category#android.intent.category.LAUNCHER
ADDED from src/main/AndroidManifest.xml:13:9-68
	android:name
		ADDED from src/main/AndroidManifest.xml:13:19-66
activity#com.tns.ErrorReportActivity
ADDED from src/main/AndroidManifest.xml:16:5-59
	android:name
		ADDED from src/main/AndroidManifest.xml:16:15-57
activity#com.telerik.pushplugin.PushHandlerActivity
ADDED from src/main/AndroidManifest.xml:17:5-74
	android:name
		ADDED from src/main/AndroidManifest.xml:17:15-72
receiver#com.google.android.gms.gcm.GcmReceiver
ADDED from src/main/AndroidManifest.xml:18:5-23:16
	android:exported
		ADDED from src/main/AndroidManifest.xml:18:69-92
	android:permission
		ADDED from src/main/AndroidManifest.xml:18:93-153
	android:name
		ADDED from src/main/AndroidManifest.xml:18:15-68
intent-filter#com.google.android.c2dm.intent.RECEIVE+com.pushApp.gcm
ADDED from src/main/AndroidManifest.xml:19:7-22:23
action#com.google.android.c2dm.intent.RECEIVE
ADDED from src/main/AndroidManifest.xml:20:9-72
	android:name
		ADDED from src/main/AndroidManifest.xml:20:17-70
category#com.pushApp.gcm
ADDED from src/main/AndroidManifest.xml:21:9-51
	android:name
		ADDED from src/main/AndroidManifest.xml:21:19-49
service#com.telerik.pushplugin.PushPlugin
ADDED from src/main/AndroidManifest.xml:24:5-28:15
	android:exported
		ADDED from src/main/AndroidManifest.xml:24:63-87
	android:name
		ADDED from src/main/AndroidManifest.xml:24:14-62
intent-filter#com.google.android.c2dm.intent.RECEIVE
ADDED from src/main/AndroidManifest.xml:25:7-27:23
uses-permission#android.permission.GET_ACCOUNTS
ADDED from src/main/AndroidManifest.xml:30:3-68
	android:name
		ADDED from src/main/AndroidManifest.xml:30:20-66
uses-permission#android.permission.WAKE_LOCK
ADDED from src/main/AndroidManifest.xml:31:3-65
	android:name
		ADDED from src/main/AndroidManifest.xml:31:20-63
uses-permission#com.google.android.c2dm.permission.RECEIVE
ADDED from src/main/AndroidManifest.xml:32:3-79
	android:name
		ADDED from src/main/AndroidManifest.xml:32:20-77